<?xml version="1.0" encoding="utf-8"?><testsuites name="pytest tests"><testsuite name="pytest" errors="0" failures="0" skipped="0" tests="26" time="8.719" timestamp="2026-08-14T14:07:51.338880+08:00" hostname="dsw-925252-7796557db6-j84nn"><testcase classname="experiments.r16_p14_stage2b.tests.test_stage2b_contracts" name="test_01_prefix_indexing_rejects_off_by_one" time="0.001" /><testcase classname="experiments.r16_p14_stage2b.tests.test_stage2b_contracts" name="test_02_k_d_is_exact_immediate_replan" time="0.000" /><testcase classname="experiments.r16_p14_stage2b.tests.test_stage2b_contracts" name="test_03_k_h_executes_full_validated_prefix" time="0.000" /><testcase classname="experiments.r16_p14_stage2b.tests.test_stage2b_contracts" name="test_04_cause_violation_is_absorbing" time="0.000" /><testcase classname="experiments.r16_p14_stage2b.tests.test_stage2b_contracts" name="test_05_timeout_is_not_cause_violation" time="0.000" /><testcase classname="experiments.r16_p14_stage2b.tests.test_stage2b_contracts" name="test_06_k_last_safe_contract" time="0.000" /><testcase classname="experiments.r16_p14_stage2b.tests.test_stage2b_contracts" name="test_07_k_best_lexicographic_tie_is_lowest_index" time="0.000" /><testcase classname="experiments.r16_p14_stage2b.tests.test_stage2b_contracts" name="test_08_branch_order_permutation_is_invariant" time="0.000" /><testcase classname="experiments.r16_p14_stage2b.tests.test_stage2b_contracts" name="test_09_changed_checkpoint_rejected" time="0.001" /><testcase classname="experiments.r16_p14_stage2b.tests.test_stage2b_contracts" name="test_10_changed_state_history_rejected" time="0.001" /><testcase classname="experiments.r16_p14_stage2b.tests.test_stage2b_contracts" name="test_11_changed_action_history_rejected" time="0.001" /><testcase classname="experiments.r16_p14_stage2b.tests.test_stage2b_contracts" name="test_12_changed_original_chunk_bytes_rejected" time="0.001" /><testcase classname="experiments.r16_p14_stage2b.tests.test_stage2b_contracts" name="test_13_formal_atlas_forbids_demonstration_nominal" time="0.000" /><testcase classname="experiments.r16_p14_stage2b.tests.test_stage2b_contracts" name="test_14_event_splits_are_pairwise_disjoint" time="0.000" /><testcase classname="experiments.r16_p14_stage2b.tests.test_stage2b_contracts" name="test_15_calibration_module_does_not_import_evaluation_split" time="0.000" /><testcase classname="experiments.r16_p14_stage2b.tests.test_stage2b_contracts" name="test_16_interrupted_atlas_only_resumes_incomplete_events" time="0.008" /><testcase classname="experiments.r16_p14_stage2b.tests.test_stage2b_contracts" name="test_17_nonempty_completed_evidence_not_overwritten" time="0.001" /><testcase classname="experiments.r16_p14_stage2b.tests.test_stage2b_contracts" name="test_18_event_budget_identical_across_prefixes" time="0.000" /><testcase classname="experiments.r16_p14_stage2b.tests.test_stage2b_contracts" name="test_19_all_methods_derive_from_same_branch_set" time="0.001" /><testcase classname="experiments.r16_p14_stage2b.tests.test_stage2b_contracts" name="test_20_bootstrap_rejects_branch_rows_with_duplicate_event_ids" time="0.001" /><testcase classname="experiments.r16_p14_stage2b.tests.test_stage2b_contracts" name="test_21_bootstrap_reports_event_unit" time="0.111" /><testcase classname="experiments.r16_p14_stage2b.tests.test_stage2b_contracts" name="test_22_event_source_contract_rejects_demo_flag" time="0.001" /><testcase classname="experiments.r16_p14_stage2b.tests.test_stage2b_contracts" name="test_23_severity_assignment_alternates_without_outcomes" time="0.001" /><testcase classname="experiments.r16_p14_stage2b.tests.test_stage2b_contracts" name="test_24_strongest_baseline_is_deterministic" time="0.000" /><testcase classname="experiments.r16_p14_stage2b.tests.test_stage2b_contracts" name="test_25_changed_anchor_state_bytes_rejected" time="0.001" /><testcase classname="experiments.r16_p14_stage2b.tests.test_stage2b_contracts" name="test_26_action_free_injection_refreshes_current_observation_in_place" time="0.001" /></testsuite></testsuites>