<?xml version="1.0" encoding="utf-8"?><testsuites name="pytest tests"><testsuite name="pytest" errors="0" failures="0" skipped="0" tests="5" time="87.469" timestamp="2026-08-13T01:00:47.322001+08:00" hostname="dsw-925252-7796557db6-j84nn"><testcase classname="tests.test_aggregate" name="test_aggregate_produces_gate_decision_and_report" time="0.018" /><testcase classname="tests.test_core" name="test_chunks_do_not_cross_episode" time="0.334" /><testcase classname="tests.test_core" name="test_incomplete_checkpoint_is_ignored" time="0.194" /><testcase classname="tests.test_core" name="test_model_shape" time="0.031" /><testcase classname="tests.test_sim_replay" name="test_snapshot_suffix_replay_is_deterministic" time="46.296" /></testsuite></testsuites>