<?xml version="1.0" encoding="utf-8"?><testsuites name="pytest tests"><testsuite name="pytest" errors="0" failures="0" skipped="0" tests="44" time="8.805" timestamp="2026-08-19T07:20:04.387018+08:00" hostname="dsw-925252-7fbf584798-vqftj"><testcase classname="experiments.r16_p14_stage2d.tests.test_contracts" name="test_01_every_isolation_branch_has_unique_spawned_process" time="0.002" /><testcase classname="experiments.r16_p14_stage2d.tests.test_contracts" name="test_02_no_shared_runtime_class_in_stage2d" time="0.002" /><testcase classname="experiments.r16_p14_stage2d.tests.test_contracts" name="test_03_same_action_cached_signatures_are_exact" time="0.001" /><testcase classname="experiments.r16_p14_stage2d.tests.test_contracts" name="test_04_actor_inference_has_no_side_effect" time="0.001" /><testcase classname="experiments.r16_p14_stage2d.tests.test_contracts" name="test_05_branch_order_permutation_is_invariant" time="0.002" /><testcase classname="experiments.r16_p14_stage2d.tests.test_contracts" name="test_06_three_reconstructions_are_exact" time="0.002" /><testcase classname="experiments.r16_p14_stage2d.tests.test_contracts" name="test_07_replay_error_blocks_event_admission" time="0.005" /><testcase classname="experiments.r16_p14_stage2d.tests.test_contracts" name="test_08_zero_to_one_is_detected" time="0.000" /><testcase classname="experiments.r16_p14_stage2d.tests.test_contracts" name="test_09_global_step_fallback_is_forbidden" time="0.522" /><testcase classname="experiments.r16_p14_stage2d.tests.test_contracts" name="test_10_target_event_requires_future_release" time="0.423" /><testcase classname="experiments.r16_p14_stage2d.tests.test_contracts" name="test_11_path_event_requires_future_swept_point" time="0.485" /><testcase classname="experiments.r16_p14_stage2d.tests.test_contracts" name="test_12_manipulated_object_teleport_is_exactly_zero" time="0.002" /><testcase classname="experiments.r16_p14_stage2d.tests.test_contracts" name="test_13_injection_contact_blocks_qualification_cell" time="0.001" /><testcase classname="experiments.r16_p14_stage2d.tests.test_contracts" name="test_14_qualification_selection_reads_no_method_outcome" time="0.002" /><testcase classname="experiments.r16_p14_stage2d.tests.test_contracts" name="test_15_all_data_splits_are_disjoint" time="0.000" /><testcase classname="experiments.r16_p14_stage2d.tests.test_contracts" name="test_16_evaluation_requires_committed_rule_manifest" time="0.001" /><testcase classname="experiments.r16_p14_stage2d.tests.test_contracts" name="test_17_cached_and_fresh_prefix_lengths_match" time="0.000" /><testcase classname="experiments.r16_p14_stage2d.tests.test_contracts" name="test_18_cached_and_fresh_have_equal_required_pre_k_calls" time="0.000" /><testcase classname="experiments.r16_p14_stage2d.tests.test_contracts" name="test_19_primary_tail_horizon_is_four" time="0.000" /><testcase classname="experiments.r16_p14_stage2d.tests.test_contracts" name="test_20_all_primary_arms_share_maximum_budgets" time="0.000" /><testcase classname="experiments.r16_p14_stage2d.tests.test_contracts" name="test_21_actual_actor_calls_are_not_padded" time="0.003" /><testcase classname="experiments.r16_p14_stage2d.tests.test_contracts" name="test_22_cached_count_is_not_efficiency_metric" time="0.000" /><testcase classname="experiments.r16_p14_stage2d.tests.test_contracts" name="test_23_oracle_appendix_requires_primary_lock" time="0.001" /><testcase classname="experiments.r16_p14_stage2d.tests.test_contracts" name="test_24_bootstrap_resamples_event_rows" time="0.001" /><testcase classname="experiments.r16_p14_stage2d.tests.test_contracts" name="test_25_positive_label_forbidden_after_upstream_failure" time="0.000" /><testcase classname="experiments.r16_p14_stage2d.tests.test_contracts" name="test_26_reports_do_not_emit_forbidden_positive_claims" time="0.001" /><testcase classname="experiments.r16_p14_stage2d.tests.test_contracts" name="test_27_no_demonstration_chunk_enters_formal_evidence" time="0.403" /><testcase classname="experiments.r16_p14_stage2d.tests.test_contracts" name="test_28_shard_resume_does_not_overwrite_completed_evidence" time="0.001" /><testcase classname="experiments.r16_p14_stage2d.tests.test_contracts" name="test_29_checksum_manifest_covers_every_artifact" time="3.455" /><testcase classname="experiments.r16_p14_stage2d.tests.test_contracts" name="test_30_two_task_real_libero_smoke_passes" time="0.002" /><testcase classname="experiments.r16_p14_stage2d.tests.test_contracts" name="test_31_rule_is_outcome_blind_and_clipped" time="0.001" /><testcase classname="experiments.r16_p14_stage2d.tests.test_contracts" name="test_32_fresh_pool_has_100_unique_valid_states_per_task" time="0.004" /><testcase classname="experiments.r16_p14_stage2d.tests.test_contracts" name="test_33_reserve_ids_are_rejected_by_event_loader" time="0.000" /><testcase classname="experiments.r16_p14_stage2d.tests.test_contracts" name="test_34_primary_decision_is_immutable_during_oracle_appendix" time="0.001" /><testcase classname="experiments.r16_p14_stage2d.tests.test_contracts" name="test_35_immutable_negative_conclusions_remain_exact" time="0.001" /><testcase classname="experiments.r16_p14_stage2d.tests.test_contracts" name="test_36_pai_frozen_rule_verification_uses_committed_repository_path" time="0.001" /><testcase classname="experiments.r16_p14_stage2d.tests.test_contracts" name="test_37_pai_primary_lock_verification_uses_committed_repository_path" time="0.001" /><testcase classname="experiments.r16_p14_stage2d.tests.test_contracts" name="test_38_checksum_paths_are_stable_for_external_pai_artifact_root" time="0.001" /><testcase classname="experiments.r16_p14_stage2d.tests.test_contracts" name="test_39_bootstrap_clusters_collapse_actor_seed_repeats_but_keep_task_and_severity" time="0.001" /><testcase classname="experiments.r16_p14_stage2d.tests.test_contracts" name="test_40_binary_tables_retain_event_rows_while_bootstrap_is_clustered" time="0.030" /><testcase classname="experiments.r16_p14_stage2d.tests.test_contracts" name="test_41_report_contains_all_primary_comparison_tables" time="0.001" /><testcase classname="experiments.r16_p14_stage2d.tests.test_launcher_marker" name="test_launcher_write_marker_creates_atomic_uid_owned_marker" time="0.067" /><testcase classname="experiments.r16_p14_stage2d.tests.test_launcher_marker" name="test_launcher_resume_import_fixture_is_atomic_and_fail_closed" time="0.312" /><testcase classname="experiments.r16_p14_stage2d.tests.test_launcher_marker" name="test_launcher_resume_import_real_v4_evidence" time="0.451" /></testsuite></testsuites>