<?xml version="1.0" encoding="utf-8"?><testsuites name="pytest tests"><testsuite name="pytest" errors="0" failures="0" skipped="0" tests="9" time="103.862" timestamp="2026-08-13T16:51:51.839844+08:00" hostname="dsw-925252-7796557db6-j84nn"><testcase classname="experiments.r16_p14_libero_stage1b.tests.test_expert_calibration" name="test_fixed_grids_and_stable_ids" time="0.000" /><testcase classname="experiments.r16_p14_libero_stage1b.tests.test_expert_calibration" name="test_delayed_violation_contract_is_task_specific" time="0.000" /><testcase classname="experiments.r16_p14_libero_stage1b.tests.test_expert_calibration" name="test_config_requires_actual_recovery_window" time="0.000" /><testcase classname="experiments.r16_p14_libero_stage1b.tests.test_expert_gate" name="test_paired_gain_signs_are_method_minus_baseline" time="0.000" /><testcase classname="experiments.r16_p14_libero_stage1b.tests.test_offline_reanalysis" name="test_budget_failure_is_not_cause_violation" time="0.000" /><testcase classname="experiments.r16_p14_libero_stage1b.tests.test_offline_reanalysis" name="test_post_detection_retention_and_rework_are_corrected" time="0.000" /><testcase classname="experiments.r16_p14_libero_stage1b.tests.test_release" name="test_manifest_excludes_itself_and_python_cache" time="0.013" /><testcase classname="experiments.r16_p14_libero_stage1b.tests.test_replay_reconstruction" name="test_exact_runs_pass" time="0.001" /><testcase classname="experiments.r16_p14_libero_stage1b.tests.test_replay_reconstruction" name="test_hidden_final_divergence_fails" time="0.001" /></testsuite></testsuites>