<?xml version="1.0" encoding="utf-8"?><testsuites name="pytest tests"><testsuite name="pytest" errors="0" failures="0" skipped="0" tests="10" time="4.914" timestamp="2026-08-14T03:33:01.131160+08:00" hostname="dsw-925252-7796557db6-j84nn"><testcase classname="experiments.r16_p14_stage2a.tests.test_actor" name="test_numpy_phase_flags_are_explicitly_serializable" time="0.001" /><testcase classname="experiments.r16_p14_stage2a.tests.test_actor" name="test_mechanism_audit_changes_one_input_factor" time="0.001" /><testcase classname="experiments.r16_p14_stage2a.tests.test_actor" name="test_actor_shape_and_parameter_budget" time="0.970" /><testcase classname="experiments.r16_p14_stage2a.tests.test_actor" name="test_actor_has_no_rgb_or_privileged_input" time="0.000" /><testcase classname="experiments.r16_p14_stage2a.tests.test_actor" name="test_predict_chunk_clips_and_binarizes_gripper" time="1.139" /><testcase classname="experiments.r16_p14_stage2a.tests.test_clue" name="test_current_clue_reproduces_exactly" time="0.001" /><testcase classname="experiments.r16_p14_stage2a.tests.test_contracts" name="test_roster_and_grid_are_frozen" time="0.001" /><testcase classname="experiments.r16_p14_stage2a.tests.test_contracts" name="test_stage1b_kill_is_immutable_in_stage2_decision" time="0.001" /><testcase classname="experiments.r16_p14_stage2a.tests.test_contracts" name="test_atlas_branch_prefixes_are_stride_one_and_stop_before_chunk_end" time="0.001" /><testcase classname="experiments.r16_p14_stage2a.tests.test_data" name="test_history_does_not_cross_episode_boundaries" time="0.014" /></testsuite></testsuites>